2026-03-18 15:22:09.065Z: Host information
2026-03-18 15:22:09.075Z: ----------------
2026-03-18 15:22:09.075Z: OS: Ubuntu 22.04.5 LTS (stable release)
2026-03-18 15:22:09.075Z: Image details: https://github.com/github/codespaces-host-images/blob/main/README.md
2026-03-18 15:22:09.075Z: ----------------

=================================================================================
2026-03-18 15:22:09.075Z: Configuration starting...
2026-03-18 15:22:09.086Z: Cloning...
2026-03-18 15:22:09.128Z: Using image: mcr.microsoft.com/devcontainers/universal

=================================================================================
2026-03-18 15:22:09.149Z: Creating container...
2026-03-18 15:22:09.302Z: $ devcontainer up --id-label Type=codespaces --workspace-folder /var/lib/docker/codespacemount/workspace/casa-nacional- --mount type=bind,source=/.codespaces/agent/mount/cache,target=/vscode --user-data-folder /var/lib/docker/codespacemount/.persistedshare --container-data-folder .vscode-remote/data/Machine --container-system-data-folder /var/vscode-remote --log-level trace --log-format json --update-remote-user-uid-default never --mount-workspace-git-root false --omit-config-remote-env-from-metadata --skip-non-blocking-commands --skip-post-create --expect-existing-container --override-config /root/.codespaces/shared/merged_devcontainer.json --default-user-env-probe loginInteractiveShell --container-session-data-folder /workspaces/.codespaces/.persistedshare/devcontainers-cli/cache --secrets-file /root/.codespaces/shared/user-secrets-envs.json
2026-03-18 15:22:09.499Z: @devcontainers/cli 0.80.3. Node.js v18.20.8. linux 6.8.0-1044-azure x64.
2026-03-18 15:22:09.783Z: $ docker start bbedf59f95c1bbb19fbcc029ff787a1ecffc9a5a887e1f214871ca2786e4350f
2026-03-18 15:22:10.164Z: bbedf59f95c1bbb19fbcc029ff787a1ecffc9a5a887e1f214871ca2786e4350f

2026-03-18 15:22:10.168Z: Stop: Run: docker start bbedf59f95c1bbb19fbcc029ff787a1ecffc9a5a887e1f214871ca2786e4350f
2026-03-18 15:22:10.510Z: Outcome: success User: codespace WorkspaceFolder: /workspaces/casa-nacional-
2026-03-18 15:22:10.526Z: devcontainer process exited with exit code 0

=================================================================================
2026-03-18 15:22:11.032Z: Running blocking commands...
2026-03-18 15:22:11.083Z: $ devcontainer up --id-label Type=codespaces --workspace-folder /var/lib/docker/codespacemount/workspace/casa-nacional- --mount type=bind,source=/.codespaces/agent/mount/cache,target=/vscode --user-data-folder /var/lib/docker/codespacemount/.persistedshare --container-data-folder .vscode-remote/data/Machine --container-system-data-folder /var/vscode-remote --log-level trace --log-format json --update-remote-user-uid-default never --mount-workspace-git-root false --omit-config-remote-env-from-metadata --skip-non-blocking-commands --expect-existing-container --override-config /root/.codespaces/shared/merged_devcontainer.json --default-user-env-probe loginInteractiveShell --container-session-data-folder /workspaces/.codespaces/.persistedshare/devcontainers-cli/cache --secrets-file /root/.codespaces/shared/user-secrets-envs.json
2026-03-18 15:22:11.375Z: @devcontainers/cli 0.80.3. Node.js v18.20.8. linux 6.8.0-1044-azure x64.
2026-03-18 15:22:11.964Z: Outcome: success User: codespace WorkspaceFolder: /workspaces/casa-nacional-
2026-03-18 15:22:11.978Z: devcontainer process exited with exit code 0

=================================================================================
2026-03-18 15:22:12.025Z: Configuring codespace...

=================================================================================
2026-03-18 15:22:12.025Z: Running commands...
2026-03-18 15:22:12.025Z: $ devcontainer up --id-label Type=codespaces --workspace-folder /var/lib/docker/codespacemount/workspace/casa-nacional- --expect-existing-container --skip-post-attach --mount type=bind,source=/.codespaces/agent/mount/cache,target=/vscode --container-data-folder .vscode-remote/data/Machine --container-system-data-folder /var/vscode-remote --log-level trace --log-format json --update-remote-user-uid-default never --mount-workspace-git-root false --override-config /root/.codespaces/shared/merged_devcontainer.json --default-user-env-probe loginInteractiveShell --container-session-data-folder /workspaces/.codespaces/.persistedshare/devcontainers-cli/cache --secrets-file /root/.codespaces/shared/user-secrets-envs.json
2026-03-18 15:22:12.308Z: @devcontainers/cli 0.80.3. Node.js v18.20.8. linux 6.8.0-1044-azure x64.
2026-03-18 15:22:13.031Z: Outcome: success User: codespace WorkspaceFolder: /workspaces/casa-nacional-
2026-03-18 15:22:13.051Z: devcontainer process exited with exit code 0

=================================================================================
2026-03-18 15:22:13.406Z: Finished configuring codespace.
